{"total": {"lines":{"total":239,"covered":171,"skipped":0,"pct":71.55},"statements":{"total":239,"covered":171,"skipped":0,"pct":71.55},"functions":{"total":91,"covered":55,"skipped":0,"pct":60.44},"branches":{"total":79,"covered":47,"skipped":0,"pct":59.49}}
,"/home/john/projects/draw-apart/src/components/ColorPicker.vue": {"lines":{"total":2,"covered":2,"skipped":0,"pct":100},"functions":{"total":2,"covered":2,"skipped":0,"pct":100},"statements":{"total":2,"covered":2,"skipped":0,"pct":100},"branches":{"total":0,"covered":0,"skipped":0,"pct":100}}
,"/home/john/projects/draw-apart/src/components/CombinationNameInput.vue": {"lines":{"total":10,"covered":8,"skipped":0,"pct":80},"functions":{"total":7,"covered":5,"skipped":0,"pct":71.43},"statements":{"total":10,"covered":8,"skipped":0,"pct":80},"branches":{"total":4,"covered":4,"skipped":0,"pct":100}}
,"/home/john/projects/draw-apart/src/components/CombinationPicker.vue": {"lines":{"total":32,"covered":24,"skipped":0,"pct":75},"functions":{"total":11,"covered":5,"skipped":0,"pct":45.45},"statements":{"total":32,"covered":24,"skipped":0,"pct":75},"branches":{"total":6,"covered":2,"skipped":0,"pct":33.33}}
,"/home/john/projects/draw-apart/src/components/Countdown.vue": {"lines":{"total":15,"covered":9,"skipped":0,"pct":60},"functions":{"total":6,"covered":3,"skipped":0,"pct":50},"statements":{"total":15,"covered":9,"skipped":0,"pct":60},"branches":{"total":2,"covered":1,"skipped":0,"pct":50}}
,"/home/john/projects/draw-apart/src/components/CreateRoom.vue": {"lines":{"total":8,"covered":7,"skipped":0,"pct":87.5},"functions":{"total":3,"covered":2,"skipped":0,"pct":66.67},"statements":{"total":8,"covered":7,"skipped":0,"pct":87.5},"branches":{"total":2,"covered":2,"skipped":0,"pct":100}}
,"/home/john/projects/draw-apart/src/components/DrawingPanel.vue": {"lines":{"total":82,"covered":56,"skipped":0,"pct":68.29},"functions":{"total":25,"covered":15,"skipped":0,"pct":60},"statements":{"total":82,"covered":56,"skipped":0,"pct":68.29},"branches":{"total":28,"covered":11,"skipped":0,"pct":39.29}}
,"/home/john/projects/draw-apart/src/components/DrawingPicker.vue": {"lines":{"total":19,"covered":13,"skipped":0,"pct":68.42},"functions":{"total":11,"covered":7,"skipped":0,"pct":63.64},"statements":{"total":19,"covered":13,"skipped":0,"pct":68.42},"branches":{"total":4,"covered":2,"skipped":0,"pct":50}}
,"/home/john/projects/draw-apart/src/components/GameCode.vue": {"lines":{"total":16,"covered":11,"skipped":0,"pct":68.75},"functions":{"total":5,"covered":5,"skipped":0,"pct":100},"statements":{"total":16,"covered":11,"skipped":0,"pct":68.75},"branches":{"total":6,"covered":2,"skipped":0,"pct":33.33}}
,"/home/john/projects/draw-apart/src/components/Header.vue": {"lines":{"total":6,"covered":4,"skipped":0,"pct":66.67},"functions":{"total":2,"covered":1,"skipped":0,"pct":50},"statements":{"total":6,"covered":4,"skipped":0,"pct":66.67},"branches":{"total":6,"covered":4,"skipped":0,"pct":66.67}}
,"/home/john/projects/draw-apart/src/components/JoinGame.vue": {"lines":{"total":20,"covered":19,"skipped":0,"pct":95},"functions":{"total":5,"covered":4,"skipped":0,"pct":80},"statements":{"total":20,"covered":19,"skipped":0,"pct":95},"branches":{"total":12,"covered":11,"skipped":0,"pct":91.67}}
,"/home/john/projects/draw-apart/src/components/Lobby.vue": {"lines":{"total":3,"covered":3,"skipped":0,"pct":100},"functions":{"total":0,"covered":0,"skipped":0,"pct":100},"statements":{"total":3,"covered":3,"skipped":0,"pct":100},"branches":{"total":0,"covered":0,"skipped":0,"pct":100}}
,"/home/john/projects/draw-apart/src/components/ShowWinner.vue": {"lines":{"total":4,"covered":3,"skipped":0,"pct":75},"functions":{"total":3,"covered":2,"skipped":0,"pct":66.67},"statements":{"total":4,"covered":3,"skipped":0,"pct":75},"branches":{"total":0,"covered":0,"skipped":0,"pct":100}}
,"/home/john/projects/draw-apart/src/components/StartGame.vue": {"lines":{"total":12,"covered":9,"skipped":0,"pct":75},"functions":{"total":5,"covered":3,"skipped":0,"pct":60},"statements":{"total":12,"covered":9,"skipped":0,"pct":75},"branches":{"total":9,"covered":8,"skipped":0,"pct":88.89}}
,"/home/john/projects/draw-apart/src/components/UserList.vue": {"lines":{"total":1,"covered":1,"skipped":0,"pct":100},"functions":{"total":0,"covered":0,"skipped":0,"pct":100},"statements":{"total":1,"covered":1,"skipped":0,"pct":100},"branches":{"total":0,"covered":0,"skipped":0,"pct":100}}
,"/home/john/projects/draw-apart/src/components/Vote.vue": {"lines":{"total":2,"covered":2,"skipped":0,"pct":100},"functions":{"total":1,"covered":1,"skipped":0,"pct":100},"statements":{"total":2,"covered":2,"skipped":0,"pct":100},"branches":{"total":0,"covered":0,"skipped":0,"pct":100}}
,"/home/john/projects/draw-apart/src/components/Waiting.vue": {"lines":{"total":7,"covered":0,"skipped":0,"pct":0},"functions":{"total":5,"covered":0,"skipped":0,"pct":0},"statements":{"total":7,"covered":0,"skipped":0,"pct":0},"branches":{"total":0,"covered":0,"skipped":0,"pct":100}}
}
