TN:
SF:/home/john/projects/draw-apart/src/components/ColorPicker.vue
FN:18,(anonymous_1)
FN:37,(anonymous_2)
FNF:2
FNH:2
FNDA:7,(anonymous_1)
FNDA:1,(anonymous_2)
DA:19,7
DA:38,1
LF:2
LH:2
BRF:0
BRH:0
end_of_record
TN:
SF:/home/john/projects/draw-apart/src/components/CombinationNameInput.vue
FN:41,(anonymous_1)
FN:48,(anonymous_2)
FN:51,(anonymous_3)
FN:56,(anonymous_4)
FN:61,(anonymous_5)
FN:67,(anonymous_6)
FN:71,(anonymous_7)
FNF:7
FNH:5
FNDA:4,(anonymous_1)
FNDA:4,(anonymous_2)
FNDA:0,(anonymous_3)
FNDA:3,(anonymous_4)
FNDA:1,(anonymous_5)
FNDA:0,(anonymous_6)
FNDA:4,(anonymous_7)
DA:42,4
DA:49,4
DA:52,0
DA:57,3
DA:58,3
DA:59,3
DA:62,1
DA:63,1
DA:68,0
DA:73,5
LF:10
LH:8
BRDA:57,0,0,1
BRDA:57,0,1,2
BRDA:73,1,0,1
BRDA:73,1,1,3
BRF:4
BRH:4
end_of_record
TN:
SF:/home/john/projects/draw-apart/src/components/CombinationPicker.vue
FN:65,(anonymous_1)
FN:80,(anonymous_2)
FN:89,(anonymous_3)
FN:98,(anonymous_4)
FN:104,(anonymous_5)
FN:113,(anonymous_6)
FN:136,(anonymous_7)
FN:141,(anonymous_8)
FN:144,(anonymous_9)
FN:147,(anonymous_10)
FN:154,(anonymous_11)
FNF:11
FNH:5
FNDA:2,(anonymous_1)
FNDA:1,(anonymous_2)
FNDA:1,(anonymous_3)
FNDA:0,(anonymous_4)
FNDA:1,(anonymous_5)
FNDA:4,(anonymous_6)
FNDA:0,(anonymous_7)
FNDA:0,(anonymous_8)
FNDA:0,(anonymous_9)
FNDA:0,(anonymous_10)
FNDA:0,(anonymous_11)
DA:59,1
DA:66,2
DA:81,1
DA:82,1
DA:83,1
DA:90,1
DA:91,1
DA:92,1
DA:99,0
DA:106,1
DA:108,1
DA:109,1
DA:112,1
DA:113,1
DA:114,4
DA:115,4
DA:116,4
DA:117,4
DA:118,4
DA:122,1
DA:123,1
DA:126,1
DA:127,4
DA:131,1
DA:132,1
DA:137,0
DA:142,0
DA:145,0
DA:148,0
DA:149,0
DA:151,0
DA:155,0
LF:32
LH:24
BRDA:82,0,0,1
BRDA:82,0,1,0
BRDA:91,1,0,1
BRDA:91,1,1,0
BRDA:148,2,0,0
BRDA:148,2,1,0
BRF:6
BRH:2
end_of_record
TN:
SF:/home/john/projects/draw-apart/src/components/Countdown.vue
FN:13,(anonymous_1)
FN:20,(anonymous_2)
FN:23,(anonymous_3)
FN:28,(anonymous_4)
FN:34,(anonymous_5)
FN:40,(anonymous_6)
FNF:6
FNH:3
FNDA:1,(anonymous_1)
FNDA:0,(anonymous_2)
FNDA:0,(anonymous_3)
FNDA:0,(anonymous_4)
FNDA:1,(anonymous_5)
FNDA:1,(anonymous_6)
DA:14,1
DA:21,0
DA:24,0
DA:29,0
DA:30,0
DA:35,1
DA:36,1
DA:40,1
DA:41,1
DA:42,1
DA:43,1
DA:44,1
DA:45,1
DA:47,0
DA:48,0
LF:15
LH:9
BRDA:41,0,0,1
BRDA:41,0,1,0
BRF:2
BRH:1
end_of_record
TN:
SF:/home/john/projects/draw-apart/src/components/CreateRoom.vue
FN:12,(anonymous_1)
FN:19,(anonymous_2)
FN:27,(anonymous_3)
FNF:3
FNH:2
FNDA:3,(anonymous_1)
FNDA:0,(anonymous_2)
FNDA:2,(anonymous_3)
DA:13,3
DA:20,0
DA:28,2
DA:29,1
DA:30,1
DA:31,1
DA:33,1
DA:34,1
LF:8
LH:7
BRDA:28,0,0,1
BRDA:28,0,1,1
BRF:2
BRH:2
end_of_record
TN:
SF:/home/john/projects/draw-apart/src/components/DrawingPanel.vue
FN:51,(anonymous_1)
FN:100,(anonymous_2)
FN:119,(anonymous_3)
FN:127,(anonymous_4)
FN:133,(anonymous_5)
FN:145,(anonymous_6)
FN:155,(anonymous_7)
FN:169,(anonymous_8)
FN:183,(anonymous_9)
FN:196,(anonymous_10)
FN:199,(anonymous_11)
FN:201,(anonymous_12)
FN:202,(anonymous_13)
FN:212,(anonymous_14)
FN:224,(anonymous_15)
FN:226,(anonymous_16)
FN:241,(anonymous_17)
FN:243,(anonymous_18)
FN:250,(anonymous_19)
FN:258,(anonymous_20)
FN:272,(anonymous_21)
FN:274,(anonymous_22)
FN:277,(anonymous_23)
FN:282,(anonymous_24)
FN:286,(anonymous_25)
FNF:25
FNH:15
FNDA:6,(anonymous_1)
FNDA:2,(anonymous_2)
FNDA:3,(anonymous_3)
FNDA:0,(anonymous_4)
FNDA:1,(anonymous_5)
FNDA:0,(anonymous_6)
FNDA:1,(anonymous_7)
FNDA:1,(anonymous_8)
FNDA:0,(anonymous_9)
FNDA:8,(anonymous_10)
FNDA:32,(anonymous_11)
FNDA:8,(anonymous_12)
FNDA:16,(anonymous_13)
FNDA:16,(anonymous_14)
FNDA:0,(anonymous_15)
FNDA:0,(anonymous_16)
FNDA:0,(anonymous_17)
FNDA:0,(anonymous_18)
FNDA:0,(anonymous_19)
FNDA:1,(anonymous_20)
FNDA:6,(anonymous_21)
FNDA:24,(anonymous_22)
FNDA:0,(anonymous_23)
FNDA:0,(anonymous_24)
FNDA:6,(anonymous_25)
DA:44,1
DA:52,6
DA:101,2
DA:102,2
DA:103,2
DA:107,2
DA:108,2
DA:109,2
DA:110,1
DA:111,1
DA:113,2
DA:114,2
DA:120,3
DA:121,3
DA:122,3
DA:128,0
DA:134,1
DA:135,0
DA:136,0
DA:138,1
DA:140,1
DA:146,0
DA:147,0
DA:148,0
DA:149,0
DA:156,1
DA:157,1
DA:158,1
DA:159,1
DA:163,1
DA:164,1
DA:170,1
DA:171,1
DA:178,1
DA:184,0
DA:185,0
DA:186,0
DA:191,0
DA:197,8
DA:199,8
DA:200,32
DA:201,7
DA:202,8
DA:203,16
DA:213,16
DA:214,16
DA:215,16
DA:216,16
DA:217,16
DA:218,16
DA:219,16
DA:225,0
DA:226,0
DA:227,0
DA:228,0
DA:234,0
DA:235,0
DA:236,0
DA:242,0
DA:243,0
DA:244,0
DA:245,0
DA:248,0
DA:251,0
DA:259,1
DA:260,1
DA:261,1
DA:262,1
DA:264,1
DA:273,6
DA:274,30
DA:275,6
DA:278,0
DA:283,0
DA:287,6
DA:288,6
DA:290,6
DA:291,6
DA:292,6
DA:293,6
DA:294,6
DA:295,6
LF:82
LH:56
BRDA:109,0,0,1
BRDA:109,0,1,1
BRDA:134,1,0,0
BRDA:134,1,1,1
BRDA:146,2,0,0
BRDA:146,2,1,0
BRDA:157,3,0,1
BRDA:157,3,1,0
BRDA:158,4,0,1
BRDA:158,4,1,0
BRDA:184,5,0,0
BRDA:184,5,1,0
BRDA:185,6,0,0
BRDA:185,6,1,0
BRDA:200,7,0,7
BRDA:200,7,1,25
BRDA:213,8,0,2
BRDA:213,8,1,14
BRDA:215,9,0,2
BRDA:215,9,1,14
BRDA:225,10,0,0
BRDA:225,10,1,0
BRDA:227,11,0,0
BRDA:227,11,1,0
BRDA:227,12,0,0
BRDA:227,12,1,0
BRDA:244,13,0,0
BRDA:244,13,1,0
BRF:28
BRH:11
end_of_record
TN:
SF:/home/john/projects/draw-apart/src/components/DrawingPicker.vue
FN:40,(anonymous_1)
FN:46,(anonymous_2)
FN:49,(anonymous_3)
FN:52,(anonymous_4)
FN:56,(anonymous_5)
FN:60,(anonymous_6)
FN:63,(anonymous_7)
FN:68,(anonymous_8)
FN:77,(anonymous_9)
FN:85,(anonymous_10)
FN:93,(anonymous_11)
FNF:11
FNH:7
FNDA:2,(anonymous_1)
FNDA:0,(anonymous_2)
FNDA:0,(anonymous_3)
FNDA:3,(anonymous_4)
FNDA:3,(anonymous_5)
FNDA:2,(anonymous_6)
FNDA:0,(anonymous_7)
FNDA:0,(anonymous_8)
FNDA:1,(anonymous_9)
FNDA:1,(anonymous_10)
FNDA:1,(anonymous_11)
DA:41,2
DA:47,0
DA:50,0
DA:53,3
DA:54,3
DA:57,3
DA:58,3
DA:61,2
DA:64,0
DA:69,0
DA:70,0
DA:78,1
DA:79,1
DA:86,1
DA:87,0
DA:94,1
DA:95,1
DA:99,1
DA:100,1
LF:19
LH:13
BRDA:78,0,0,1
BRDA:78,0,1,0
BRDA:86,1,0,0
BRDA:86,1,1,1
BRF:4
BRH:2
end_of_record
TN:
SF:/home/john/projects/draw-apart/src/components/GameCode.vue
FN:42,(anonymous_1)
FN:48,(anonymous_2)
FN:53,(anonymous_3)
FN:56,(anonymous_4)
FN:59,(anonymous_5)
FNF:5
FNH:5
FNDA:2,(anonymous_1)
FNDA:1,(anonymous_2)
FNDA:1,(anonymous_3)
FNDA:2,(anonymous_4)
FNDA:4,(anonymous_5)
DA:43,2
DA:49,1
DA:54,1
DA:57,2
DA:58,2
DA:59,2
DA:60,4
DA:61,0
DA:62,0
DA:63,4
DA:64,4
DA:65,4
DA:66,0
DA:67,0
DA:69,0
DA:72,2
LF:16
LH:11
BRDA:60,0,0,0
BRDA:60,0,1,4
BRDA:63,1,0,4
BRDA:63,1,1,0
BRDA:66,2,0,0
BRDA:66,2,1,0
BRF:6
BRH:2
end_of_record
TN:
SF:/home/john/projects/draw-apart/src/components/Header.vue
FN:23,(anonymous_1)
FN:26,(anonymous_2)
FNF:2
FNH:1
FNDA:0,(anonymous_1)
FNDA:3,(anonymous_2)
DA:15,1
DA:24,0
DA:27,3
DA:28,3
DA:29,0
DA:31,3
LF:6
LH:4
BRDA:27,0,0,0
BRDA:27,0,1,3
BRDA:28,1,0,0
BRDA:28,1,1,3
BRDA:28,2,0,3
BRDA:28,2,1,3
BRF:6
BRH:4
end_of_record
TN:
SF:/home/john/projects/draw-apart/src/components/JoinGame.vue
FN:49,(anonymous_1)
FN:59,(anonymous_2)
FN:82,(anonymous_3)
FN:87,(anonymous_4)
FN:91,(anonymous_5)
FNF:5
FNH:4
FNDA:6,(anonymous_1)
FNDA:4,(anonymous_2)
FNDA:1,(anonymous_3)
FNDA:7,(anonymous_4)
FNDA:0,(anonymous_5)
DA:50,6
DA:60,4
DA:61,4
DA:62,4
DA:63,2
DA:64,2
DA:65,2
DA:69,2
DA:70,2
DA:71,1
DA:72,1
DA:73,1
DA:74,1
DA:75,1
DA:76,1
DA:77,1
DA:83,1
DA:88,8
DA:89,6
DA:92,0
LF:20
LH:19
BRDA:61,0,0,3
BRDA:61,0,1,1
BRDA:62,1,0,2
BRDA:62,1,1,2
BRDA:62,2,0,4
BRDA:62,2,1,3
BRDA:70,3,0,1
BRDA:70,3,1,1
BRDA:74,4,0,1
BRDA:74,4,1,0
BRDA:88,5,0,1
BRDA:88,5,1,6
BRF:12
BRH:11
end_of_record
TN:
SF:/home/john/projects/draw-apart/src/components/Lobby.vue
FNF:0
FNH:0
DA:16,1
DA:17,1
DA:18,1
LF:3
LH:3
BRF:0
BRH:0
end_of_record
TN:
SF:/home/john/projects/draw-apart/src/components/ShowWinner.vue
FN:31,(anonymous_1)
FN:37,(anonymous_2)
FN:44,(anonymous_3)
FNF:3
FNH:2
FNDA:1,(anonymous_1)
FNDA:0,(anonymous_2)
FNDA:2,(anonymous_3)
DA:26,1
DA:32,1
DA:38,0
DA:45,2
LF:4
LH:3
BRF:0
BRH:0
end_of_record
TN:
SF:/home/john/projects/draw-apart/src/components/StartGame.vue
FN:14,(anonymous_1)
FN:21,(anonymous_2)
FN:36,(anonymous_3)
FN:39,(anonymous_4)
FN:42,(anonymous_5)
FNF:5
FNH:3
FNDA:2,(anonymous_1)
FNDA:2,(anonymous_2)
FNDA:0,(anonymous_3)
FNDA:0,(anonymous_4)
FNDA:1,(anonymous_5)
DA:15,2
DA:22,2
DA:26,1
DA:27,1
DA:29,1
DA:30,1
DA:31,1
DA:37,0
DA:40,0
DA:43,1
DA:48,1
DA:50,0
LF:12
LH:9
BRDA:22,0,0,1
BRDA:22,0,1,1
BRDA:22,1,0,2
BRDA:22,1,1,1
BRDA:43,2,0,1
BRDA:43,2,1,0
BRDA:43,3,0,1
BRDA:43,3,1,1
BRDA:43,3,2,1
BRF:9
BRH:8
end_of_record
TN:
SF:/home/john/projects/draw-apart/src/components/UserList.vue
FNF:0
FNH:0
DA:18,2
LF:1
LH:1
BRF:0
BRH:0
end_of_record
TN:
SF:/home/john/projects/draw-apart/src/components/Vote.vue
FN:19,(anonymous_1)
FNF:1
FNH:1
FNDA:1,(anonymous_1)
DA:15,1
DA:20,1
LF:2
LH:2
BRF:0
BRH:0
end_of_record
TN:
SF:/home/john/projects/draw-apart/src/components/Waiting.vue
FN:19,(anonymous_1)
FN:25,(anonymous_2)
FN:26,(anonymous_3)
FN:36,(anonymous_4)
FN:43,(anonymous_5)
FNF:5
FNH:0
FNDA:0,(anonymous_1)
FNDA:0,(anonymous_2)
FNDA:0,(anonymous_3)
FNDA:0,(anonymous_4)
FNDA:0,(anonymous_5)
DA:16,0
DA:20,0
DA:26,0
DA:33,0
DA:34,0
DA:39,0
DA:45,0
LF:7
LH:0
BRF:0
BRH:0
end_of_record
