TN:
SF:/mnt/c/Users/mirjam/projects/draw-apart/src/components/ColorPicker.vue
FN:18,(anonymous_1)
FN:37,(anonymous_2)
FNF:2
FNH:2
FNDA:1,(anonymous_1)
FNDA:1,(anonymous_2)
DA:19,1
DA:38,1
LF:2
LH:2
BRF:0
BRH:0
end_of_record
TN:
SF:/mnt/c/Users/mirjam/projects/draw-apart/src/components/CombinationNameInput.vue
FN:41,(anonymous_1)
FN:48,(anonymous_2)
FN:51,(anonymous_3)
FN:56,(anonymous_4)
FN:61,(anonymous_5)
FN:67,(anonymous_6)
FN:71,(anonymous_7)
FNF:7
FNH:5
FNDA:4,(anonymous_1)
FNDA:4,(anonymous_2)
FNDA:0,(anonymous_3)
FNDA:3,(anonymous_4)
FNDA:1,(anonymous_5)
FNDA:0,(anonymous_6)
FNDA:4,(anonymous_7)
DA:42,4
DA:49,4
DA:52,0
DA:57,3
DA:58,3
DA:59,3
DA:62,1
DA:63,1
DA:68,0
DA:73,5
LF:10
LH:8
BRDA:57,0,0,1
BRDA:57,0,1,2
BRDA:73,1,0,1
BRDA:73,1,1,3
BRF:4
BRH:4
end_of_record
TN:
SF:/mnt/c/Users/mirjam/projects/draw-apart/src/components/CombinationPicker.vue
FN:64,(anonymous_1)
FN:79,(anonymous_2)
FN:88,(anonymous_3)
FN:97,(anonymous_4)
FN:106,(anonymous_5)
FN:129,(anonymous_6)
FN:134,(anonymous_7)
FN:137,(anonymous_8)
FN:140,(anonymous_9)
FN:147,(anonymous_10)
FNF:10
FNH:0
FNDA:0,(anonymous_1)
FNDA:0,(anonymous_2)
FNDA:0,(anonymous_3)
FNDA:0,(anonymous_4)
FNDA:0,(anonymous_5)
FNDA:0,(anonymous_6)
FNDA:0,(anonymous_7)
FNDA:0,(anonymous_8)
FNDA:0,(anonymous_9)
FNDA:0,(anonymous_10)
DA:58,0
DA:65,0
DA:80,0
DA:81,0
DA:82,0
DA:89,0
DA:90,0
DA:91,0
DA:99,0
DA:101,0
DA:102,0
DA:105,0
DA:106,0
DA:107,0
DA:108,0
DA:109,0
DA:110,0
DA:111,0
DA:115,0
DA:116,0
DA:119,0
DA:120,0
DA:124,0
DA:125,0
DA:130,0
DA:135,0
DA:138,0
DA:141,0
DA:142,0
DA:144,0
DA:148,0
LF:31
LH:0
BRDA:81,0,0,0
BRDA:81,0,1,0
BRDA:90,1,0,0
BRDA:90,1,1,0
BRDA:141,2,0,0
BRDA:141,2,1,0
BRF:6
BRH:0
end_of_record
TN:
SF:/mnt/c/Users/mirjam/projects/draw-apart/src/components/Countdown.vue
FN:13,(anonymous_1)
FN:20,(anonymous_2)
FN:23,(anonymous_3)
FN:28,(anonymous_4)
FN:34,(anonymous_5)
FN:40,(anonymous_6)
FNF:6
FNH:3
FNDA:1,(anonymous_1)
FNDA:0,(anonymous_2)
FNDA:0,(anonymous_3)
FNDA:0,(anonymous_4)
FNDA:1,(anonymous_5)
FNDA:1,(anonymous_6)
DA:14,1
DA:21,0
DA:24,0
DA:29,0
DA:30,0
DA:35,1
DA:36,1
DA:40,1
DA:41,1
DA:42,1
DA:43,1
DA:44,1
DA:45,1
DA:47,0
DA:48,0
LF:15
LH:9
BRDA:41,0,0,1
BRDA:41,0,1,0
BRF:2
BRH:1
end_of_record
TN:
SF:/mnt/c/Users/mirjam/projects/draw-apart/src/components/CreateRoom.vue
FN:12,(anonymous_1)
FN:19,(anonymous_2)
FN:27,(anonymous_3)
FNF:3
FNH:2
FNDA:3,(anonymous_1)
FNDA:0,(anonymous_2)
FNDA:2,(anonymous_3)
DA:13,3
DA:20,0
DA:28,2
DA:29,1
DA:30,1
DA:31,1
DA:33,1
DA:34,1
LF:8
LH:7
BRDA:28,0,0,1
BRDA:28,0,1,1
BRF:2
BRH:2
end_of_record
TN:
SF:/mnt/c/Users/mirjam/projects/draw-apart/src/components/DrawingPanel.vue
FN:54,(anonymous_1)
FN:103,(anonymous_2)
FN:122,(anonymous_3)
FN:129,(anonymous_4)
FN:135,(anonymous_5)
FN:147,(anonymous_6)
FN:158,(anonymous_7)
FN:172,(anonymous_8)
FN:186,(anonymous_9)
FN:199,(anonymous_10)
FN:202,(anonymous_11)
FN:204,(anonymous_12)
FN:205,(anonymous_13)
FN:215,(anonymous_14)
FN:227,(anonymous_15)
FN:229,(anonymous_16)
FN:244,(anonymous_17)
FN:246,(anonymous_18)
FN:258,(anonymous_19)
FN:272,(anonymous_20)
FN:274,(anonymous_21)
FN:277,(anonymous_22)
FN:280,(anonymous_23)
FN:285,(anonymous_24)
FN:289,(anonymous_25)
FNF:25
FNH:0
FNDA:0,(anonymous_1)
FNDA:0,(anonymous_2)
FNDA:0,(anonymous_3)
FNDA:0,(anonymous_4)
FNDA:0,(anonymous_5)
FNDA:0,(anonymous_6)
FNDA:0,(anonymous_7)
FNDA:0,(anonymous_8)
FNDA:0,(anonymous_9)
FNDA:0,(anonymous_10)
FNDA:0,(anonymous_11)
FNDA:0,(anonymous_12)
FNDA:0,(anonymous_13)
FNDA:0,(anonymous_14)
FNDA:0,(anonymous_15)
FNDA:0,(anonymous_16)
FNDA:0,(anonymous_17)
FNDA:0,(anonymous_18)
FNDA:0,(anonymous_19)
FNDA:0,(anonymous_20)
FNDA:0,(anonymous_21)
FNDA:0,(anonymous_22)
FNDA:0,(anonymous_23)
FNDA:0,(anonymous_24)
FNDA:0,(anonymous_25)
DA:44,0
DA:55,0
DA:104,0
DA:105,0
DA:106,0
DA:110,0
DA:111,0
DA:112,0
DA:113,0
DA:114,0
DA:116,0
DA:117,0
DA:123,0
DA:124,0
DA:130,0
DA:136,0
DA:137,0
DA:138,0
DA:140,0
DA:142,0
DA:148,0
DA:149,0
DA:150,0
DA:151,0
DA:159,0
DA:160,0
DA:161,0
DA:162,0
DA:166,0
DA:167,0
DA:173,0
DA:174,0
DA:181,0
DA:187,0
DA:188,0
DA:189,0
DA:194,0
DA:200,0
DA:202,0
DA:203,0
DA:204,0
DA:205,0
DA:206,0
DA:216,0
DA:217,0
DA:218,0
DA:219,0
DA:220,0
DA:221,0
DA:222,0
DA:228,0
DA:229,0
DA:230,0
DA:231,0
DA:237,0
DA:238,0
DA:239,0
DA:245,0
DA:246,0
DA:247,0
DA:248,0
DA:251,0
DA:259,0
DA:260,0
DA:261,0
DA:262,0
DA:264,0
DA:273,0
DA:274,0
DA:275,0
DA:278,0
DA:281,0
DA:286,0
DA:290,0
DA:291,0
DA:293,0
DA:294,0
DA:295,0
DA:296,0
DA:297,0
DA:298,0
LF:81
LH:0
BRDA:112,0,0,0
BRDA:112,0,1,0
BRDA:136,1,0,0
BRDA:136,1,1,0
BRDA:148,2,0,0
BRDA:148,2,1,0
BRDA:160,3,0,0
BRDA:160,3,1,0
BRDA:161,4,0,0
BRDA:161,4,1,0
BRDA:187,5,0,0
BRDA:187,5,1,0
BRDA:188,6,0,0
BRDA:188,6,1,0
BRDA:203,7,0,0
BRDA:203,7,1,0
BRDA:216,8,0,0
BRDA:216,8,1,0
BRDA:218,9,0,0
BRDA:218,9,1,0
BRDA:228,10,0,0
BRDA:228,10,1,0
BRDA:230,11,0,0
BRDA:230,11,1,0
BRDA:230,12,0,0
BRDA:230,12,1,0
BRDA:247,13,0,0
BRDA:247,13,1,0
BRF:28
BRH:0
end_of_record
TN:
SF:/mnt/c/Users/mirjam/projects/draw-apart/src/components/DrawingPicker.vue
FN:40,(anonymous_1)
FN:46,(anonymous_2)
FN:49,(anonymous_3)
FN:52,(anonymous_4)
FN:56,(anonymous_5)
FN:60,(anonymous_6)
FN:63,(anonymous_7)
FN:68,(anonymous_8)
FN:77,(anonymous_9)
FN:85,(anonymous_10)
FN:93,(anonymous_11)
FNF:11
FNH:0
FNDA:0,(anonymous_1)
FNDA:0,(anonymous_2)
FNDA:0,(anonymous_3)
FNDA:0,(anonymous_4)
FNDA:0,(anonymous_5)
FNDA:0,(anonymous_6)
FNDA:0,(anonymous_7)
FNDA:0,(anonymous_8)
FNDA:0,(anonymous_9)
FNDA:0,(anonymous_10)
FNDA:0,(anonymous_11)
DA:41,0
DA:47,0
DA:50,0
DA:53,0
DA:54,0
DA:57,0
DA:58,0
DA:61,0
DA:64,0
DA:69,0
DA:70,0
DA:78,0
DA:79,0
DA:86,0
DA:87,0
DA:94,0
DA:95,0
DA:99,0
DA:100,0
LF:19
LH:0
BRDA:78,0,0,0
BRDA:78,0,1,0
BRDA:86,1,0,0
BRDA:86,1,1,0
BRF:4
BRH:0
end_of_record
TN:
SF:/mnt/c/Users/mirjam/projects/draw-apart/src/components/GameCode.vue
FN:42,(anonymous_1)
FN:48,(anonymous_2)
FN:53,(anonymous_3)
FN:56,(anonymous_4)
FN:59,(anonymous_5)
FNF:5
FNH:0
FNDA:0,(anonymous_1)
FNDA:0,(anonymous_2)
FNDA:0,(anonymous_3)
FNDA:0,(anonymous_4)
FNDA:0,(anonymous_5)
DA:43,0
DA:49,0
DA:54,0
DA:57,0
DA:58,0
DA:59,0
DA:60,0
DA:61,0
DA:62,0
DA:63,0
DA:64,0
DA:65,0
DA:66,0
DA:67,0
DA:69,0
DA:72,0
LF:16
LH:0
BRDA:60,0,0,0
BRDA:60,0,1,0
BRDA:63,1,0,0
BRDA:63,1,1,0
BRDA:66,2,0,0
BRDA:66,2,1,0
BRF:6
BRH:0
end_of_record
TN:
SF:/mnt/c/Users/mirjam/projects/draw-apart/src/components/Header.vue
FN:23,(anonymous_1)
FN:26,(anonymous_2)
FNF:2
FNH:0
FNDA:0,(anonymous_1)
FNDA:0,(anonymous_2)
DA:15,0
DA:24,0
DA:27,0
DA:28,0
DA:29,0
DA:31,0
LF:6
LH:0
BRDA:27,0,0,0
BRDA:27,0,1,0
BRDA:28,1,0,0
BRDA:28,1,1,0
BRDA:28,2,0,0
BRDA:28,2,1,0
BRF:6
BRH:0
end_of_record
TN:
SF:/mnt/c/Users/mirjam/projects/draw-apart/src/components/JoinGame.vue
FN:48,(anonymous_1)
FN:58,(anonymous_2)
FN:81,(anonymous_3)
FN:86,(anonymous_4)
FN:90,(anonymous_5)
FNF:5
FNH:3
FNDA:4,(anonymous_1)
FNDA:3,(anonymous_2)
FNDA:0,(anonymous_3)
FNDA:4,(anonymous_4)
FNDA:0,(anonymous_5)
DA:49,4
DA:59,3
DA:60,3
DA:61,3
DA:62,1
DA:63,1
DA:64,1
DA:68,1
DA:69,2
DA:70,1
DA:71,1
DA:72,1
DA:73,1
DA:74,1
DA:75,1
DA:76,1
DA:82,0
DA:87,4
DA:88,4
DA:91,0
LF:20
LH:18
BRDA:60,0,0,2
BRDA:60,0,1,1
BRDA:61,1,0,1
BRDA:61,1,1,2
BRDA:61,2,0,3
BRDA:61,2,1,2
BRDA:69,3,0,1
BRDA:69,3,1,1
BRDA:73,4,0,1
BRDA:73,4,1,0
BRDA:87,5,0,0
BRDA:87,5,1,4
BRF:12
BRH:10
end_of_record
TN:
SF:/mnt/c/Users/mirjam/projects/draw-apart/src/components/Lobby.vue
FNF:0
FNH:0
DA:16,0
DA:17,0
DA:18,0
LF:3
LH:0
BRF:0
BRH:0
end_of_record
TN:
SF:/mnt/c/Users/mirjam/projects/draw-apart/src/components/ShowWinner.vue
FN:31,(anonymous_1)
FN:35,(anonymous_2)
FNF:2
FNH:0
FNDA:0,(anonymous_1)
FNDA:0,(anonymous_2)
DA:26,0
DA:32,0
DA:36,0
LF:3
LH:0
BRF:0
BRH:0
end_of_record
TN:
SF:/mnt/c/Users/mirjam/projects/draw-apart/src/components/StartGame.vue
FN:14,(anonymous_1)
FN:21,(anonymous_2)
FN:36,(anonymous_3)
FN:39,(anonymous_4)
FN:42,(anonymous_5)
FNF:5
FNH:0
FNDA:0,(anonymous_1)
FNDA:0,(anonymous_2)
FNDA:0,(anonymous_3)
FNDA:0,(anonymous_4)
FNDA:0,(anonymous_5)
DA:15,0
DA:22,0
DA:26,0
DA:27,0
DA:29,0
DA:30,0
DA:31,0
DA:37,0
DA:40,0
DA:43,0
DA:48,0
DA:50,0
LF:12
LH:0
BRDA:22,0,0,0
BRDA:22,0,1,0
BRDA:22,1,0,0
BRDA:22,1,1,0
BRDA:43,2,0,0
BRDA:43,2,1,0
BRDA:43,3,0,0
BRDA:43,3,1,0
BRDA:43,3,2,0
BRF:9
BRH:0
end_of_record
TN:
SF:/mnt/c/Users/mirjam/projects/draw-apart/src/components/UserList.vue
FNF:0
FNH:0
DA:18,0
LF:1
LH:0
BRF:0
BRH:0
end_of_record
TN:
SF:/mnt/c/Users/mirjam/projects/draw-apart/src/components/Vote.vue
FN:19,(anonymous_1)
FNF:1
FNH:0
FNDA:0,(anonymous_1)
DA:15,0
DA:20,0
LF:2
LH:0
BRF:0
BRH:0
end_of_record
TN:
SF:/mnt/c/Users/mirjam/projects/draw-apart/src/components/Waiting.vue
FN:19,(anonymous_1)
FN:24,(anonymous_2)
FN:26,(anonymous_3)
FN:36,(anonymous_4)
FN:40,(anonymous_5)
FNF:5
FNH:0
FNDA:0,(anonymous_1)
FNDA:0,(anonymous_2)
FNDA:0,(anonymous_3)
FNDA:0,(anonymous_4)
FNDA:0,(anonymous_5)
DA:16,0
DA:20,0
DA:26,0
DA:33,0
DA:34,0
DA:39,0
LF:6
LH:0
BRF:0
BRH:0
end_of_record
